This is pdfTeX, Version 3.14159265-2.6-1.40.19 (MiKTeX 2.9.6630 64-bit) (preloaded format=pdflatex 2018.6.19)  22 JUN 2018 14:39
entering extended mode
**./pas_fini.tex
(pas_fini.tex
LaTeX2e <2018-04-01> patch level 5
(C:\Users\Utilisateur\AppData\Local\Programs\MiKTeX\tex\latex\base\article.cls
Document Class: article 2014/09/29 v1.4h Standard LaTeX document class
(C:\Users\Utilisateur\AppData\Local\Programs\MiKTeX\tex\latex\base\size10.clo
File: size10.clo 2014/09/29 v1.4h Standard LaTeX file (size option)
)
\c@part=\count80
\c@section=\count81
\c@subsection=\count82
\c@subsubsection=\count83
\c@paragraph=\count84
\c@subparagraph=\count85
\c@figure=\count86
\c@table=\count87
\abovecaptionskip=\skip41
\belowcaptionskip=\skip42
\bibindent=\dimen102
)
(C:\Users\Utilisateur\AppData\Local\Programs\MiKTeX\tex\latex\amsfonts\amssymb.
sty
Package: amssymb 2013/01/14 v3.01 AMS font symbols

(C:\Users\Utilisateur\AppData\Local\Programs\MiKTeX\tex\latex\amsfonts\amsfonts
.sty
Package: amsfonts 2013/01/14 v3.01 Basic AMSFonts support
\@emptytoks=\toks14
\symAMSa=\mathgroup4
\symAMSb=\mathgroup5
LaTeX Font Info:    Overwriting math alphabet `\mathfrak' in version `bold'
(Font)                  U/euf/m/n --> U/euf/b/n on input line 106.
))
(C:\Users\Utilisateur\AppData\Local\Programs\MiKTeX\tex\latex\amsmath\amsmath.s
ty
Package: amsmath 2017/09/02 v2.17a AMS math features
\@mathmargin=\skip43

For additional information on amsmath, use the `?' option.

(C:\Users\Utilisateur\AppData\Local\Programs\MiKTeX\tex\latex\amsmath\amstext.s
ty
Package: amstext 2000/06/29 v2.01 AMS text

(C:\Users\Utilisateur\AppData\Local\Programs\MiKTeX\tex\latex\amsmath\amsgen.st
y
File: amsgen.sty 1999/11/30 v2.0 generic functions
\@emptytoks=\toks15
\ex@=\dimen103
))
(C:\Users\Utilisateur\AppData\Local\Programs\MiKTeX\tex\latex\amsmath\amsbsy.st
y
Package: amsbsy 1999/11/29 v1.2d Bold Symbols
\pmbraise@=\dimen104
)
(C:\Users\Utilisateur\AppData\Local\Programs\MiKTeX\tex\latex\amsmath\amsopn.st
y
Package: amsopn 2016/03/08 v2.02 operator names
)
\inf@bad=\count88
LaTeX Info: Redefining \frac on input line 213.
\uproot@=\count89
\leftroot@=\count90
LaTeX Info: Redefining \overline on input line 375.
\classnum@=\count91
\DOTSCASE@=\count92
LaTeX Info: Redefining \ldots on input line 472.
LaTeX Info: Redefining \dots on input line 475.
LaTeX Info: Redefining \cdots on input line 596.
\Mathstrutbox@=\box26
\strutbox@=\box27
\big@size=\dimen105
LaTeX Font Info:    Redeclaring font encoding OML on input line 712.
LaTeX Font Info:    Redeclaring font encoding OMS on input line 713.
\macc@depth=\count93
\c@MaxMatrixCols=\count94
\dotsspace@=\muskip10
\c@parentequation=\count95
\dspbrk@lvl=\count96
\tag@help=\toks16
\row@=\count97
\column@=\count98
\maxfields@=\count99
\andhelp@=\toks17
\eqnshift@=\dimen106
\alignsep@=\dimen107
\tagshift@=\dimen108
\tagwidth@=\dimen109
\totwidth@=\dimen110
\lineht@=\dimen111
\@envbody=\toks18
\multlinegap=\skip44
\multlinetaggap=\skip45
\mathdisplay@stack=\toks19
LaTeX Info: Redefining \[ on input line 2817.
LaTeX Info: Redefining \] on input line 2818.
)
(C:\Users\Utilisateur\AppData\Local\Programs\MiKTeX\tex\generic\babel\babel.sty
Package: babel 2018/06/05 3.22 The Babel package

(C:\Users\Utilisateur\AppData\Local\Programs\MiKTeX\tex\generic\babel\switch.de
f
File: switch.def 2018/06/05 3.22 Babel switching mechanism
)
*************************************
* Local config file bblopts.cfg used
*

(C:\Users\Utilisateur\AppData\Local\Programs\MiKTeX\tex\latex\arabi\bblopts.cfg
File: bblopts.cfg 2005/09/08 v0.1 add Arabic and Farsi to "declared" options of
 babel
)
(C:\Users\Utilisateur\AppData\Local\Programs\MiKTeX\tex\generic\babel-french\fr
ench.ldf
Language: french 2018/04/12 v3.4d French support from the babel system

(C:\Users\Utilisateur\AppData\Local\Programs\MiKTeX\tex\generic\babel\babel.def
File: babel.def 2018/06/05 3.22 Babel common definitions
\babel@savecnt=\count100
\U@D=\dimen112

(C:\Users\Utilisateur\AppData\Local\Programs\MiKTeX\tex\generic\babel\txtbabel.
def)
\bbl@dirlevel=\count101
)
\l@acadian = a dialect from \language\l@french 
\FB@nonchar=\count102
Package babel Info: Making : an active character on input line 415.
Package babel Info: Making ; an active character on input line 416.
Package babel Info: Making ! an active character on input line 417.
Package babel Info: Making ? an active character on input line 418.
\FBguill@level=\count103
\FB@everypar=\toks20
\FB@Mht=\dimen113
\mc@charclass=\count104
\mc@charfam=\count105
\mc@charslot=\count106
\std@mcc=\count107
\dec@mcc=\count108
\c@FBcaption@count=\count109
\listindentFB=\skip46
\descindentFB=\skip47
\labelwidthFB=\skip48
\leftmarginFB=\skip49
\parindentFFN=\dimen114
\FBfnindent=\skip50
))
(C:\Users\Utilisateur\AppData\Local\Programs\MiKTeX\tex\latex\carlisle\scalefnt
.sty)
(C:\Users\Utilisateur\AppData\Local\Programs\MiKTeX\tex\latex\graphics\keyval.s
ty
Package: keyval 2014/10/28 v1.15 key=value parser (DPC)
\KV@toks@=\toks21
)
(C:\Users\Utilisateur\AppData\Local\Programs\MiKTeX\tex\latex\base\inputenc.sty
Package: inputenc 2018/04/06 v1.3b Input encoding file
\inpenc@prehook=\toks22
\inpenc@posthook=\toks23
)
(C:\Users\Utilisateur\AppData\Local\Programs\MiKTeX\tex\latex\base\fontenc.sty
Package: fontenc 2017/04/05 v2.0i Standard LaTeX package

(C:\Users\Utilisateur\AppData\Local\Programs\MiKTeX\tex\latex\base\t1enc.def
File: t1enc.def 2017/04/05 v2.0i Standard LaTeX file
LaTeX Font Info:    Redeclaring font encoding T1 on input line 48.
)
(C:\Users\Utilisateur\AppData\Local\Programs\MiKTeX\tex\latex\cyrillic\t2aenc.d
ef
File: t2aenc.def 2005/09/27 v1.0i Cyrillic encoding definition file
Now handling font encoding T2A ...
... processing UTF-8 mapping file for font encoding T2A

(C:\Users\Utilisateur\AppData\Local\Programs\MiKTeX\tex\latex\base\t2aenc.dfu
File: t2aenc.dfu 2018/04/05 v1.2c UTF-8 support for inputenc
   defining Unicode char U+00A4 (decimal 164)
   defining Unicode char U+00A7 (decimal 167)
   defining Unicode char U+00AB (decimal 171)
   defining Unicode char U+00BB (decimal 187)
   defining Unicode char U+0131 (decimal 305)
   defining Unicode char U+0400 (decimal 1024)
   defining Unicode char U+0401 (decimal 1025)
   defining Unicode char U+0402 (decimal 1026)
   defining Unicode char U+0403 (decimal 1027)
   defining Unicode char U+0404 (decimal 1028)
   defining Unicode char U+0405 (decimal 1029)
   defining Unicode char U+0406 (decimal 1030)
   defining Unicode char U+0407 (decimal 1031)
   defining Unicode char U+0408 (decimal 1032)
   defining Unicode char U+0409 (decimal 1033)
   defining Unicode char U+040A (decimal 1034)
   defining Unicode char U+040B (decimal 1035)
   defining Unicode char U+040C (decimal 1036)
   defining Unicode char U+040D (decimal 1037)
   defining Unicode char U+040E (decimal 1038)
   defining Unicode char U+040F (decimal 1039)
   defining Unicode char U+0410 (decimal 1040)
   defining Unicode char U+0411 (decimal 1041)
   defining Unicode char U+0412 (decimal 1042)
   defining Unicode char U+0413 (decimal 1043)
   defining Unicode char U+0414 (decimal 1044)
   defining Unicode char U+0415 (decimal 1045)
   defining Unicode char U+0416 (decimal 1046)
   defining Unicode char U+0417 (decimal 1047)
   defining Unicode char U+0418 (decimal 1048)
   defining Unicode char U+0419 (decimal 1049)
   defining Unicode char U+041A (decimal 1050)
   defining Unicode char U+041B (decimal 1051)
   defining Unicode char U+041C (decimal 1052)
   defining Unicode char U+041D (decimal 1053)
   defining Unicode char U+041E (decimal 1054)
   defining Unicode char U+041F (decimal 1055)
   defining Unicode char U+0420 (decimal 1056)
   defining Unicode char U+0421 (decimal 1057)
   defining Unicode char U+0422 (decimal 1058)
   defining Unicode char U+0423 (decimal 1059)
   defining Unicode char U+0424 (decimal 1060)
   defining Unicode char U+0425 (decimal 1061)
   defining Unicode char U+0426 (decimal 1062)
   defining Unicode char U+0427 (decimal 1063)
   defining Unicode char U+0428 (decimal 1064)
   defining Unicode char U+0429 (decimal 1065)
   defining Unicode char U+042A (decimal 1066)
   defining Unicode char U+042B (decimal 1067)
   defining Unicode char U+042C (decimal 1068)
   defining Unicode char U+042D (decimal 1069)
   defining Unicode char U+042E (decimal 1070)
   defining Unicode char U+042F (decimal 1071)
   defining Unicode char U+0430 (decimal 1072)
   defining Unicode char U+0431 (decimal 1073)
   defining Unicode char U+0432 (decimal 1074)
   defining Unicode char U+0433 (decimal 1075)
   defining Unicode char U+0434 (decimal 1076)
   defining Unicode char U+0435 (decimal 1077)
   defining Unicode char U+0436 (decimal 1078)
   defining Unicode char U+0437 (decimal 1079)
   defining Unicode char U+0438 (decimal 1080)
   defining Unicode char U+0439 (decimal 1081)
   defining Unicode char U+043A (decimal 1082)
   defining Unicode char U+043B (decimal 1083)
   defining Unicode char U+043C (decimal 1084)
   defining Unicode char U+043D (decimal 1085)
   defining Unicode char U+043E (decimal 1086)
   defining Unicode char U+043F (decimal 1087)
   defining Unicode char U+0440 (decimal 1088)
   defining Unicode char U+0441 (decimal 1089)
   defining Unicode char U+0442 (decimal 1090)
   defining Unicode char U+0443 (decimal 1091)
   defining Unicode char U+0444 (decimal 1092)
   defining Unicode char U+0445 (decimal 1093)
   defining Unicode char U+0446 (decimal 1094)
   defining Unicode char U+0447 (decimal 1095)
   defining Unicode char U+0448 (decimal 1096)
   defining Unicode char U+0449 (decimal 1097)
   defining Unicode char U+044A (decimal 1098)
   defining Unicode char U+044B (decimal 1099)
   defining Unicode char U+044C (decimal 1100)
   defining Unicode char U+044D (decimal 1101)
   defining Unicode char U+044E (decimal 1102)
   defining Unicode char U+044F (decimal 1103)
   defining Unicode char U+0450 (decimal 1104)
   defining Unicode char U+0451 (decimal 1105)
   defining Unicode char U+0452 (decimal 1106)
   defining Unicode char U+0453 (decimal 1107)
   defining Unicode char U+0454 (decimal 1108)
   defining Unicode char U+0455 (decimal 1109)
   defining Unicode char U+0456 (decimal 1110)
   defining Unicode char U+0457 (decimal 1111)
   defining Unicode char U+0458 (decimal 1112)
   defining Unicode char U+0459 (decimal 1113)
   defining Unicode char U+045A (decimal 1114)
   defining Unicode char U+045B (decimal 1115)
   defining Unicode char U+045C (decimal 1116)
   defining Unicode char U+045D (decimal 1117)
   defining Unicode char U+045E (decimal 1118)
   defining Unicode char U+045F (decimal 1119)
   defining Unicode char U+0490 (decimal 1168)
   defining Unicode char U+0491 (decimal 1169)
   defining Unicode char U+0492 (decimal 1170)
   defining Unicode char U+0493 (decimal 1171)
   defining Unicode char U+0496 (decimal 1174)
   defining Unicode char U+0497 (decimal 1175)
   defining Unicode char U+0498 (decimal 1176)
   defining Unicode char U+0499 (decimal 1177)
   defining Unicode char U+049A (decimal 1178)
   defining Unicode char U+049B (decimal 1179)
   defining Unicode char U+049C (decimal 1180)
   defining Unicode char U+049D (decimal 1181)
   defining Unicode char U+04A0 (decimal 1184)
   defining Unicode char U+04A1 (decimal 1185)
   defining Unicode char U+04A2 (decimal 1186)
   defining Unicode char U+04A3 (decimal 1187)
   defining Unicode char U+04A4 (decimal 1188)
   defining Unicode char U+04A5 (decimal 1189)
   defining Unicode char U+04AA (decimal 1194)
   defining Unicode char U+04AB (decimal 1195)
   defining Unicode char U+04AE (decimal 1198)
   defining Unicode char U+04AF (decimal 1199)
   defining Unicode char U+04B0 (decimal 1200)
   defining Unicode char U+04B1 (decimal 1201)
   defining Unicode char U+04B2 (decimal 1202)
   defining Unicode char U+04B3 (decimal 1203)
   defining Unicode char U+04B6 (decimal 1206)
   defining Unicode char U+04B7 (decimal 1207)
   defining Unicode char U+04B8 (decimal 1208)
   defining Unicode char U+04B9 (decimal 1209)
   defining Unicode char U+04BA (decimal 1210)
   defining Unicode char U+04BB (decimal 1211)
   defining Unicode char U+04C0 (decimal 1216)
   defining Unicode char U+04C1 (decimal 1217)
   defining Unicode char U+04C2 (decimal 1218)
   defining Unicode char U+04D0 (decimal 1232)
   defining Unicode char U+04D1 (decimal 1233)
   defining Unicode char U+04D2 (decimal 1234)
   defining Unicode char U+04D3 (decimal 1235)
   defining Unicode char U+04D4 (decimal 1236)
   defining Unicode char U+04D5 (decimal 1237)
   defining Unicode char U+04D6 (decimal 1238)
   defining Unicode char U+04D7 (decimal 1239)
   defining Unicode char U+04D8 (decimal 1240)
   defining Unicode char U+04D9 (decimal 1241)
   defining Unicode char U+04DA (decimal 1242)
   defining Unicode char U+04DB (decimal 1243)
   defining Unicode char U+04DC (decimal 1244)
   defining Unicode char U+04DD (decimal 1245)
   defining Unicode char U+04DE (decimal 1246)
   defining Unicode char U+04DF (decimal 1247)
   defining Unicode char U+04E2 (decimal 1250)
   defining Unicode char U+04E3 (decimal 1251)
   defining Unicode char U+04E4 (decimal 1252)
   defining Unicode char U+04E5 (decimal 1253)
   defining Unicode char U+04E6 (decimal 1254)
   defining Unicode char U+04E7 (decimal 1255)
   defining Unicode char U+04E8 (decimal 1256)
   defining Unicode char U+04E9 (decimal 1257)
   defining Unicode char U+04EC (decimal 1260)
   defining Unicode char U+04ED (decimal 1261)
   defining Unicode char U+04EE (decimal 1262)
   defining Unicode char U+04EF (decimal 1263)
   defining Unicode char U+04F0 (decimal 1264)
   defining Unicode char U+04F1 (decimal 1265)
   defining Unicode char U+04F2 (decimal 1266)
   defining Unicode char U+04F3 (decimal 1267)
   defining Unicode char U+04F4 (decimal 1268)
   defining Unicode char U+04F5 (decimal 1269)
   defining Unicode char U+04F8 (decimal 1272)
   defining Unicode char U+04F9 (decimal 1273)
   defining Unicode char U+200C (decimal 8204)
   defining Unicode char U+2013 (decimal 8211)
   defining Unicode char U+2014 (decimal 8212)
   defining Unicode char U+2018 (decimal 8216)
   defining Unicode char U+2019 (decimal 8217)
   defining Unicode char U+201C (decimal 8220)
   defining Unicode char U+201D (decimal 8221)
   defining Unicode char U+201E (decimal 8222)
   defining Unicode char U+2030 (decimal 8240)
   defining Unicode char U+2031 (decimal 8241)
   defining Unicode char U+2116 (decimal 8470)
   defining Unicode char U+2329 (decimal 9001)
   defining Unicode char U+232A (decimal 9002)
   defining Unicode char U+2423 (decimal 9251)
))
LaTeX Font Info:    Try loading font information for T2A+cmr on input line 105.


(C:\Users\Utilisateur\AppData\Local\Programs\MiKTeX\tex\latex\cyrillic\t2acmr.f
d
File: t2acmr.fd 2001/08/11 v1.0a Computer Modern Cyrillic font definitions
))
(C:\Users\Utilisateur\AppData\Local\Programs\MiKTeX\tex\latex\listings\listings
.sty
\lst@mode=\count110
\lst@gtempboxa=\box28
\lst@token=\toks24
\lst@length=\count111
\lst@currlwidth=\dimen115
\lst@column=\count112
\lst@pos=\count113
\lst@lostspace=\dimen116
\lst@width=\dimen117
\lst@newlines=\count114
\lst@lineno=\count115
\lst@maxwidth=\dimen118

(C:\Users\Utilisateur\AppData\Local\Programs\MiKTeX\tex\latex\listings\lstmisc.
sty
File: lstmisc.sty 2015/06/04 1.6 (Carsten Heinz)
\c@lstnumber=\count116
\lst@skipnumbers=\count117
\lst@framebox=\box29
)
(C:\Users\Utilisateur\AppData\Local\Programs\MiKTeX\tex\latex\listings\listings
.cfg
File: listings.cfg 2015/06/04 1.6 listings configuration
))
Package: listings 2015/06/04 1.6 (Carsten Heinz)

(C:\Users\Utilisateur\AppData\Local\Programs\MiKTeX\tex\latex\geometry\geometry
.sty
Package: geometry 2018/04/16 v5.8 Page Geometry

(C:\Users\Utilisateur\AppData\Local\Programs\MiKTeX\tex\generic\oberdiek\ifpdf.
sty
Package: ifpdf 2017/03/15 v3.2 Provides the ifpdf switch
)
(C:\Users\Utilisateur\AppData\Local\Programs\MiKTeX\tex\generic\oberdiek\ifvtex
.sty
Package: ifvtex 2016/05/16 v1.6 Detect VTeX and its facilities (HO)
Package ifvtex Info: VTeX not detected.
)
(C:\Users\Utilisateur\AppData\Local\Programs\MiKTeX\tex\generic\ifxetex\ifxetex
.sty
Package: ifxetex 2010/09/12 v0.6 Provides ifxetex conditional
)
\Gm@cnth=\count118
\Gm@cntv=\count119
\c@Gm@tempcnt=\count120
\Gm@bindingoffset=\dimen119
\Gm@wd@mp=\dimen120
\Gm@odd@mp=\dimen121
\Gm@even@mp=\dimen122
\Gm@layoutwidth=\dimen123
\Gm@layoutheight=\dimen124
\Gm@layouthoffset=\dimen125
\Gm@layoutvoffset=\dimen126
\Gm@dimlist=\toks25

(C:\Users\Utilisateur\AppData\Local\Programs\MiKTeX\tex\latex\geometry\geometry
.cfg))
(C:\Users\Utilisateur\AppData\Local\Programs\MiKTeX\tex\latex\setspace\setspace
.sty
Package: setspace 2011/12/19 v6.7a set line spacing
)
(C:\Users\Utilisateur\AppData\Local\Programs\MiKTeX\tex\latex\graphics\graphicx
.sty
Package: graphicx 2017/06/01 v1.1a Enhanced LaTeX Graphics (DPC,SPQR)

(C:\Users\Utilisateur\AppData\Local\Programs\MiKTeX\tex\latex\graphics\graphics
.sty
Package: graphics 2017/06/25 v1.2c Standard LaTeX Graphics (DPC,SPQR)

(C:\Users\Utilisateur\AppData\Local\Programs\MiKTeX\tex\latex\graphics\trig.sty
Package: trig 2016/01/03 v1.10 sin cos tan (DPC)
)
(C:\Users\Utilisateur\AppData\Local\Programs\MiKTeX\tex\latex\graphics-cfg\grap
hics.cfg
File: graphics.cfg 2016/06/04 v1.11 sample graphics configuration
)
Package graphics Info: Driver file: pdftex.def on input line 99.

(C:\Users\Utilisateur\AppData\Local\Programs\MiKTeX\tex\latex\graphics-def\pdft
ex.def
File: pdftex.def 2018/01/08 v1.0l Graphics/color driver for pdftex
))
\Gin@req@height=\dimen127
\Gin@req@width=\dimen128
)
(C:\Users\Utilisateur\AppData\Local\Programs\MiKTeX\tex\latex\stmaryrd\stmaryrd
.sty
Package: stmaryrd 1994/03/03 St Mary's Road symbol package
\symstmry=\mathgroup6
LaTeX Font Info:    Overwriting symbol font `stmry' in version `bold'
(Font)                  U/stmry/m/n --> U/stmry/b/n on input line 89.
)
(C:\Users\Utilisateur\AppData\Local\Programs\MiKTeX\tex\latex\float\float.sty
Package: float 2001/11/08 v1.3d Float enhancements (AL)
\c@float@type=\count121
\float@exts=\toks26
\float@box=\box30
\@float@everytoks=\toks27
\@floatcapt=\box31
)
(C:\Users\Utilisateur\AppData\Local\Programs\MiKTeX\tex\latex\oberdiek\colonequ
als.sty
Package: colonequals 2016/05/16 v1.1 Colon equals symbols (HO)
) (pas_fini.aux)
\openout1 = `pas_fini.aux'.

LaTeX Font Info:    Checking defaults for OML/cmm/m/it on input line 32.
LaTeX Font Info:    ... okay on input line 32.
LaTeX Font Info:    Checking defaults for T1/cmr/m/n on input line 32.
LaTeX Font Info:    ... okay on input line 32.
LaTeX Font Info:    Checking defaults for OT1/cmr/m/n on input line 32.
LaTeX Font Info:    ... okay on input line 32.
LaTeX Font Info:    Checking defaults for OMS/cmsy/m/n on input line 32.
LaTeX Font Info:    ... okay on input line 32.
LaTeX Font Info:    Checking defaults for OMX/cmex/m/n on input line 32.
LaTeX Font Info:    ... okay on input line 32.
LaTeX Font Info:    Checking defaults for U/cmr/m/n on input line 32.
LaTeX Font Info:    ... okay on input line 32.
LaTeX Font Info:    Checking defaults for T2A/cmr/m/n on input line 32.
LaTeX Font Info:    ... okay on input line 32.
LaTeX Info: Redefining \degres on input line 32.
LaTeX Info: Redefining \dots on input line 32.
LaTeX Info: Redefining \up on input line 32.
\c@lstlisting=\count122

*geometry* driver: auto-detecting
*geometry* detected driver: pdftex
*geometry* verbose mode - [ preamble ] result:
* driver: pdftex
* paper: a4paper
* layout: <same size as paper>
* layoutoffset:(h,v)=(0.0pt,0.0pt)
* modes: 
* h-part:(L,W,R)=(56.9055pt, 483.69687pt, 56.9055pt)
* v-part:(T,H,B)=(56.9055pt, 731.23584pt, 56.9055pt)
* \paperwidth=597.50787pt
* \paperheight=845.04684pt
* \textwidth=483.69687pt
* \textheight=731.23584pt
* \oddsidemargin=-15.36449pt
* \evensidemargin=-15.36449pt
* \topmargin=-52.36449pt
* \headheight=12.0pt
* \headsep=25.0pt
* \topskip=10.0pt
* \footskip=30.0pt
* \marginparwidth=65.0pt
* \marginparsep=11.0pt
* \columnsep=10.0pt
* \skip\footins=9.0pt plus 4.0pt minus 2.0pt
* \hoffset=0.0pt
* \voffset=0.0pt
* \mag=1000
* \@twocolumnfalse
* \@twosidefalse
* \@mparswitchfalse
* \@reversemarginfalse
* (1in=72.27pt=25.4mm, 1cm=28.453pt)


(C:\Users\Utilisateur\AppData\Local\Programs\MiKTeX\tex\context\base\supp-pdf.m
kii
[Loading MPS to PDF converter (version 2006.09.02).]
\scratchcounter=\count123
\scratchdimen=\dimen129
\scratchbox=\box32
\nofMPsegments=\count124
\nofMParguments=\count125
\everyMPshowfont=\toks28
\MPscratchCnt=\count126
\MPscratchDim=\dimen130
\MPnumerator=\count127
\makeMPintoPDFobject=\count128
\everyMPtoPDFconversion=\toks29
)
(C:\Users\Utilisateur\AppData\Local\Programs\MiKTeX\tex\latex\oberdiek\epstopdf
-base.sty
Package: epstopdf-base 2016/05/15 v2.6 Base part for package epstopdf

(C:\Users\Utilisateur\AppData\Local\Programs\MiKTeX\tex\generic\oberdiek\infwar
err.sty
Package: infwarerr 2016/05/16 v1.4 Providing info/warning/error messages (HO)
)
(C:\Users\Utilisateur\AppData\Local\Programs\MiKTeX\tex\latex\oberdiek\grfext.s
ty
Package: grfext 2016/05/16 v1.2 Manage graphics extensions (HO)

(C:\Users\Utilisateur\AppData\Local\Programs\MiKTeX\tex\generic\oberdiek\kvdefi
nekeys.sty
Package: kvdefinekeys 2016/05/16 v1.4 Define keys (HO)

(C:\Users\Utilisateur\AppData\Local\Programs\MiKTeX\tex\generic\oberdiek\ltxcmd
s.sty
Package: ltxcmds 2016/05/16 v1.23 LaTeX kernel commands for general use (HO)
)))
(C:\Users\Utilisateur\AppData\Local\Programs\MiKTeX\tex\latex\oberdiek\kvoption
s.sty
Package: kvoptions 2016/05/16 v3.12 Key value format for package options (HO)

(C:\Users\Utilisateur\AppData\Local\Programs\MiKTeX\tex\generic\oberdiek\kvsetk
eys.sty
Package: kvsetkeys 2016/05/16 v1.17 Key value parser (HO)

(C:\Users\Utilisateur\AppData\Local\Programs\MiKTeX\tex\generic\oberdiek\etexcm
ds.sty
Package: etexcmds 2016/05/16 v1.6 Avoid name clashes with e-TeX commands (HO)

(C:\Users\Utilisateur\AppData\Local\Programs\MiKTeX\tex\generic\oberdiek\ifluat
ex.sty
Package: ifluatex 2016/05/16 v1.4 Provides the ifluatex switch (HO)
Package ifluatex Info: LuaTeX not detected.
)
Package etexcmds Info: Could not find \expanded.
(etexcmds)             That can mean that you are not using pdfTeX 1.50 or
(etexcmds)             that some package has redefined \expanded.
(etexcmds)             In the latter case, load this package earlier.
)))
(C:\Users\Utilisateur\AppData\Local\Programs\MiKTeX\tex\generic\oberdiek\pdftex
cmds.sty
Package: pdftexcmds 2018/01/30 v0.27 Utility functions of pdfTeX for LuaTeX (HO
)
Package pdftexcmds Info: LuaTeX not detected.
Package pdftexcmds Info: \pdf@primitive is available.
Package pdftexcmds Info: \pdf@ifprimitive is available.
Package pdftexcmds Info: \pdfdraftmode found.
)
Package epstopdf-base Info: Redefining graphics rule for `.eps' on input line 4
38.
Package grfext Info: Graphics extension search list:
(grfext)             [.pdf,.png,.jpg,.mps,.jpeg,.jbig2,.jb2,.PDF,.PNG,.JPG,.JPE
G,.JBIG2,.JB2,.eps]
(grfext)             \AppendGraphicsExtensions on input line 456.
)
LaTeX Font Info:    Try loading font information for T2A+cmss on input line 35.


(C:\Users\Utilisateur\AppData\Local\Programs\MiKTeX\tex\latex\cyrillic\t2acmss.
fd
File: t2acmss.fd 2001/08/11 v1.0a Computer Modern Cyrillic font definitions
)

LaTeX Font Warning: Font shape `T2A/cmss/m/sc' in size <10> not available
(Font)              Font shape `T2A/cmr/m/sc' tried instead on input line 38.


LaTeX Font Warning: Font shape `T2A/cmss/m/sc' in size <17.28> not available
(Font)              Font shape `T2A/cmr/m/sc' tried instead on input line 38.


LaTeX Font Warning: Font shape `T2A/cmss/m/sc' in size <14.4> not available
(Font)              Font shape `T2A/cmr/m/sc' tried instead on input line 43.

[1

{C:/Users/Utilisateur/AppData/Local/MiKTeX/2.9/pdftex/config/pdftex.map}]
(pas_fini.toc
LaTeX Font Info:    Try loading font information for U+msa on input line 4.

(C:\Users\Utilisateur\AppData\Local\Programs\MiKTeX\tex\latex\amsfonts\umsa.fd
File: umsa.fd 2013/01/14 v3.01 AMS symbols A
)
LaTeX Font Info:    Try loading font information for U+msb on input line 4.
(C:\Users\Utilisateur\AppData\Local\Programs\MiKTeX\tex\latex\amsfonts\umsb.fd
File: umsb.fd 2013/01/14 v3.01 AMS symbols B
)
LaTeX Font Info:    Try loading font information for U+stmry on input line 4.

(C:\Users\Utilisateur\AppData\Local\Programs\MiKTeX\tex\latex\stmaryrd\ustmry.f
d))
\tf@toc=\write3
\openout3 = `pas_fini.toc'.

 [1]
Underfull \hbox (badness 10000) in paragraph at lines 53--54

 []

[2]
Underfull \hbox (badness 10000) in paragraph at lines 96--97

 []


Underfull \hbox (badness 10000) in paragraph at lines 98--103

 []


Underfull \hbox (badness 10000) in paragraph at lines 107--110

 []

[3]
Underfull \hbox (badness 10000) in paragraph at lines 117--118

 []


Underfull \hbox (badness 10000) in paragraph at lines 118--119

 []


Underfull \hbox (badness 10000) in paragraph at lines 122--123

 []

<../images/Frame-36.png, id=31, 677.53125pt x 677.53125pt>
File: ../images/Frame-36.png Graphic file (type png)
<use ../images/Frame-36.png>
Package pdftex.def Info: ../images/Frame-36.png  used on input line 142.
(pdftex.def)             Requested size: 149.05733pt x 149.05733pt.
<../images/Frame-195.png, id=33, 677.53125pt x 677.53125pt>
File: ../images/Frame-195.png Graphic file (type png)
<use ../images/Frame-195.png>
Package pdftex.def Info: ../images/Frame-195.png  used on input line 148.
(pdftex.def)             Requested size: 149.05733pt x 149.05733pt.
[4 <../images/Frame-36.png>]
<../images/Frame-412.png, id=41, 677.53125pt x 677.53125pt>
File: ../images/Frame-412.png Graphic file (type png)
<use ../images/Frame-412.png>
Package pdftex.def Info: ../images/Frame-412.png  used on input line 154.
(pdftex.def)             Requested size: 149.05733pt x 149.05733pt.
<../images/g.png, id=42, 462.528pt x 346.896pt>
File: ../images/g.png Graphic file (type png)
<use ../images/g.png>
Package pdftex.def Info: ../images/g.png  used on input line 163.
(pdftex.def)             Requested size: 462.52686pt x 346.89514pt.
 [5 <../images/Frame-195.png> <../images/Frame-412.png>]
<../images/Figure_2.png, id=48, 462.528pt x 346.896pt>
File: ../images/Figure_2.png Graphic file (type png)
<use ../images/Figure_2.png>
Package pdftex.def Info: ../images/Figure_2.png  used on input line 168.
(pdftex.def)             Requested size: 462.52686pt x 346.89514pt.
 [6 <../images/g.png> <../images/Figure_2.png>]
<../images/Figure_3.png, id=55, 462.528pt x 346.896pt>
File: ../images/Figure_3.png Graphic file (type png)
<use ../images/Figure_3.png>
Package pdftex.def Info: ../images/Figure_3.png  used on input line 174.
(pdftex.def)             Requested size: 462.52686pt x 346.89514pt.

Underfull \hbox (badness 10000) in paragraph at lines 197--198

 []

[7 <../images/Figure_3.png>]
Underfull \hbox (badness 10000) in paragraph at lines 204--205

 []

<../images/10_malades.png, id=60, 200.75pt x 200.75pt>
File: ../images/10_malades.png Graphic file (type png)
<use ../images/10_malades.png>
Package pdftex.def Info: ../images/10_malades.png  used on input line 209.
(pdftex.def)             Requested size: 200.7495pt x 200.7495pt.
<../images/129_malades.png, id=61, 200.75pt x 200.75pt>
File: ../images/129_malades.png Graphic file (type png)
<use ../images/129_malades.png>
Package pdftex.def Info: ../images/129_malades.png  used on input line 215.
(pdftex.def)             Requested size: 200.7495pt x 200.7495pt.
<../images/214_malades.png, id=62, 200.75pt x 200.75pt>
File: ../images/214_malades.png Graphic file (type png)
<use ../images/214_malades.png>
Package pdftex.def Info: ../images/214_malades.png  used on input line 221.
(pdftex.def)             Requested size: 200.7495pt x 200.7495pt.
[8 <../images/10_malades.png (PNG copy)> <../images/129_malades.png (PNG copy)>
]
<../images/automate2_ebola_0villes.png, id=66, 462.528pt x 346.896pt>
File: ../images/automate2_ebola_0villes.png Graphic file (type png)
<use ../images/automate2_ebola_0villes.png>
Package pdftex.def Info: ../images/automate2_ebola_0villes.png  used on input l
ine 235.
(pdftex.def)             Requested size: 370.02289pt x 277.51717pt.
<../images/automarte2_ebola_1ville_proba2.png, id=67, 462.528pt x 346.896pt>
File: ../images/automarte2_ebola_1ville_proba2.png Graphic file (type png)
<use ../images/automarte2_ebola_1ville_proba2.png>
Package pdftex.def Info: ../images/automarte2_ebola_1ville_proba2.png  used on 
input line 241.
(pdftex.def)             Requested size: 370.02289pt x 277.51717pt.
 [9 <../images/214_malades.png (PNG copy)> <../images/automate2_ebola_0villes.p
ng>]
<../images/carte_une_ville.png, id=72, 462.528pt x 345.4506pt>
File: ../images/carte_une_ville.png Graphic file (type png)
<use ../images/carte_une_ville.png>
Package pdftex.def Info: ../images/carte_une_ville.png  used on input line 247.

(pdftex.def)             Requested size: 370.02289pt x 276.36086pt.
<../images/automate2_ebola_2villes_proba2.png, id=73, 462.528pt x 346.896pt>
File: ../images/automate2_ebola_2villes_proba2.png Graphic file (type png)
<use ../images/automate2_ebola_2villes_proba2.png>
Package pdftex.def Info: ../images/automate2_ebola_2villes_proba2.png  used on 
input line 253.
(pdftex.def)             Requested size: 370.02289pt x 277.51717pt.
 [10 <../images/automarte2_ebola_1ville_proba2.png> <../images/carte_une_ville.
png>]
<../images/carte_deux_villes.png, id=79, 462.528pt x 345.4506pt>
File: ../images/carte_deux_villes.png Graphic file (type png)
<use ../images/carte_deux_villes.png>
Package pdftex.def Info: ../images/carte_deux_villes.png  used on input line 25
9.
(pdftex.def)             Requested size: 370.02289pt x 276.36086pt.
<../images/differentiel_1.png, id=80, 818.05624pt x 617.30624pt>
File: ../images/differentiel_1.png Graphic file (type png)
<use ../images/differentiel_1.png>
Package pdftex.def Info: ../images/differentiel_1.png  used on input line 267.
(pdftex.def)             Requested size: 409.02711pt x 308.65236pt.
 [11 <../images/automate2_ebola_2villes_proba2.png> <../images/carte_deux_ville
s.png>]
Underfull \hbox (badness 10000) in paragraph at lines 273--274

 []


Underfull \hbox (badness 10000) in paragraph at lines 287--289

 []

[12 <../images/differentiel_1.png>]
Underfull \hbox (badness 10000) in paragraph at lines 297--298

 []

<../images/diff_grippe.png, id=92, 462.528pt x 345.4506pt>
File: ../images/diff_grippe.png Graphic file (type png)
<use ../images/diff_grippe.png>
Package pdftex.def Info: ../images/diff_grippe.png  used on input line 308.
(pdftex.def)             Requested size: 462.52686pt x 345.44975pt.
<../images/diff_comp_article.png, id=93, 456.95718pt x 303.38344pt>
File: ../images/diff_comp_article.png Graphic file (type png)
<use ../images/diff_comp_article.png>
Package pdftex.def Info: ../images/diff_comp_article.png  used on input line 31
1.
(pdftex.def)             Requested size: 456.95605pt x 303.38269pt.

Overfull \hbox (2.71304pt too wide) in paragraph at lines 308--312
[][] \T2A/cmr/m/n/10 Voici
 []

[13 <../images/diff_grippe.png>] [14 <../images/diff_comp_article.png>]
[15] (pas_fini.bbl) [16] (pas_fini.aux) ) 
Here is how much of TeX's memory you used:
 6442 strings out of 492973
 91070 string characters out of 3125822
 168802 words of memory out of 3000000
 10168 multiletter control sequences out of 15000+200000
 20523 words of font info for 43 fonts, out of 3000000 for 9000
 1141 hyphenation exceptions out of 8191
 41i,10n,32p,949b,423s stack positions out of 5000i,500n,10000p,200000b,50000s
 <C:\Users\Utilisateur\AppData\Local\M
iKTeX\2.9\fonts\pk\ljfour\lh\lh-t2a\dpi600\lati1000.pk> <C:\Users\Utilisateur\A
ppData\Local\MiKTeX\2.9\fonts\pk\ljfour\lh\lh-t2a\dpi600\lacc1000.pk> <C:\Users
\Utilisateur\AppData\Local\MiKTeX\2.9\fonts\pk\ljfour\lh\lh-t2a\dpi600\larm0700
.pk> <C:\Users\Utilisateur\AppData\Local\MiKTeX\2.9\fonts\pk\ljfour\lh\lh-t2a\d
pi600\labx1200.pk> <C:\Users\Utilisateur\AppData\Local\MiKTeX\2.9\fonts\pk\ljfo
ur\lh\lh-t2a\dpi600\laxc1728.pk> <C:\Users\Utilisateur\AppData\Local\MiKTeX\2.9
\fonts\pk\ljfour\lh\lh-t2a\dpi600\larm1000.pk> <C:\Users\Utilisateur\AppData\Lo
cal\MiKTeX\2.9\fonts\pk\ljfour\lh\lh-t2a\dpi600\labx1000.pk> <C:\Users\Utilisat
eur\AppData\Local\MiKTeX\2.9\fonts\pk\ljfour\lh\lh-t2a\dpi600\labx1440.pk> <C:\
Users\Utilisateur\AppData\Local\MiKTeX\2.9\fonts\pk\ljfour\lh\lh-t2a\dpi600\lac
c1440.pk> <C:\Users\Utilisateur\AppData\Local\MiKTeX\2.9\fonts\pk\ljfour\lh\lh-
t2a\dpi600\lasx2074.pk> <C:\Users\Utilisateur\AppData\Local\MiKTeX\2.9\fonts\pk
\ljfour\lh\lh-t2a\dpi600\lacc1728.pk><C:/Users/Utilisateur/AppData/Local/Progra
ms/MiKTeX/fonts/type1/public/amsfonts/cm/cmex10.pfb><C:/Users/Utilisateur/AppDa
ta/Local/Programs/MiKTeX/fonts/type1/public/amsfonts/cm/cmmi10.pfb><C:/Users/Ut
ilisateur/AppData/Local/Programs/MiKTeX/fonts/type1/public/amsfonts/cm/cmmi5.pf
b><C:/Users/Utilisateur/AppData/Local/Programs/MiKTeX/fonts/type1/public/amsfon
ts/cm/cmmi7.pfb><C:/Users/Utilisateur/AppData/Local/Programs/MiKTeX/fonts/type1
/public/amsfonts/cm/cmr10.pfb><C:/Users/Utilisateur/AppData/Local/Programs/MiKT
eX/fonts/type1/public/amsfonts/cm/cmr5.pfb><C:/Users/Utilisateur/AppData/Local/
Programs/MiKTeX/fonts/type1/public/amsfonts/cm/cmr7.pfb><C:/Users/Utilisateur/A
ppData/Local/Programs/MiKTeX/fonts/type1/public/amsfonts/cm/cmsy10.pfb><C:/User
s/Utilisateur/AppData/Local/Programs/MiKTeX/fonts/type1/public/amsfonts/cm/cmsy
7.pfb><C:/Users/Utilisateur/AppData/Local/Programs/MiKTeX/fonts/type1/public/am
sfonts/symbols/msbm10.pfb><C:/Users/Utilisateur/AppData/Local/Programs/MiKTeX/f
onts/type1/public/hoekwater/stmary10.pfb>
Output written on pas_fini.pdf (17 pages, 640657 bytes).
PDF statistics:
 439 PDF objects out of 1000 (max. 8388607)
 0 named destinations out of 1000 (max. 500000)
 86 words of extra memory for PDF output out of 10000 (max. 10000000)

